{"numFailedTestSuites":1,"numFailedTests":1,"numPassedTestSuites":0,"numPassedTests":5,"numPendingTestSuites":0,"numPendingTests":0,"numRuntimeErrorTestSuites":0,"numTodoTests":0,"numTotalTestSuites":1,"numTotalTests":6,"openHandles":[],"snapshot":{"added":0,"didUpdate":false,"failure":false,"filesAdded":0,"filesRemoved":0,"filesRemovedList":[],"filesUnmatched":0,"filesUpdated":0,"matched":0,"total":0,"unchecked":0,"uncheckedKeysByFile":[],"unmatched":0,"updated":0},"startTime":1769362939912,"success":false,"testResults":[{"assertionResults":[{"ancestorTitles":["mealPlanner","generateBalancedMenu"],"duration":13,"failureDetails":[],"failureMessages":[],"fullName":"mealPlanner generateBalancedMenu should generate a 30-day menu plan","invocations":1,"location":null,"numPassingAsserts":2,"retryReasons":[],"status":"passed","title":"should generate a 30-day menu plan"},{"ancestorTitles":["mealPlanner","generateBalancedMenu"],"duration":3,"failureDetails":[],"failureMessages":[],"fullName":"mealPlanner generateBalancedMenu should respect diet restrictions (vegetarian)","invocations":1,"location":null,"numPassingAsserts":14,"retryReasons":[],"status":"passed","title":"should respect diet restrictions (vegetarian)"},{"ancestorTitles":["mealPlanner","generateBalancedMenu"],"duration":2,"failureDetails":[],"failureMessages":[],"fullName":"mealPlanner generateBalancedMenu should prevent category clashes within the same day","invocations":1,"location":null,"numPassingAsserts":14,"retryReasons":[],"status":"passed","title":"should prevent category clashes within the same day"},{"ancestorTitles":["mealPlanner","generateBalancedMenu"],"duration":3,"failureDetails":[{"matcherResult":{"message":"\u001b[2mexpect(\u001b[22m\u001b[31mreceived\u001b[39m\u001b[2m).\u001b[22mtoBeGreaterThanOrEqual\u001b[2m(\u001b[22m\u001b[32mexpected\u001b[39m\u001b[2m)\u001b[22m\n\nExpected: >= \u001b[32m3\u001b[39m\nReceived:    \u001b[31m1\u001b[39m","pass":false}}],"failureMessages":["Error: \u001b[2mexpect(\u001b[22m\u001b[31mreceived\u001b[39m\u001b[2m).\u001b[22mtoBeGreaterThanOrEqual\u001b[2m(\u001b[22m\u001b[32mexpected\u001b[39m\u001b[2m)\u001b[22m\n\nExpected: >= \u001b[32m3\u001b[39m\nReceived:    \u001b[31m1\u001b[39m\n    at Object.toBeGreaterThanOrEqual (C:\\Users\\eargu\\GitHub\\YemekMenu\\__tests__\\mealPlanner.test.ts:49:32)\n    at Generator.next (<anonymous>)\n    at asyncGeneratorStep (C:\\Users\\eargu\\GitHub\\YemekMenu\\node_modules\\@babel\\runtime\\helpers\\asyncToGenerator.js:3:17)\n    at _next (C:\\Users\\eargu\\GitHub\\YemekMenu\\node_modules\\@babel\\runtime\\helpers\\asyncToGenerator.js:17:9)"],"fullName":"mealPlanner generateBalancedMenu should generate a multi-item breakfast plate (Serpme)","invocations":1,"location":null,"numPassingAsserts":1,"retryReasons":[],"status":"failed","title":"should generate a multi-item breakfast plate (Serpme)"},{"ancestorTitles":["mealPlanner","generateBalancedMenu"],"duration":5,"failureDetails":[],"failureMessages":[],"fullName":"mealPlanner generateBalancedMenu should handle economy mode by preferring budget items","invocations":1,"location":null,"numPassingAsserts":14,"retryReasons":[],"status":"passed","title":"should handle economy mode by preferring budget items"},{"ancestorTitles":["mealPlanner","generateBalancedMenu"],"duration":1,"failureDetails":[],"failureMessages":[],"fullName":"mealPlanner generateBalancedMenu should assign valid reason tags to meals","invocations":1,"location":null,"numPassingAsserts":2,"retryReasons":[],"status":"passed","title":"should assign valid reason tags to meals"}],"endTime":1769362941268,"message":"\u001b[1m\u001b[31m  \u001b[1m● \u001b[22m\u001b[1mmealPlanner › generateBalancedMenu › should generate a multi-item breakfast plate (Serpme)\u001b[39m\u001b[22m\n\n    \u001b[2mexpect(\u001b[22m\u001b[31mreceived\u001b[39m\u001b[2m).\u001b[22mtoBeGreaterThanOrEqual\u001b[2m(\u001b[22m\u001b[32mexpected\u001b[39m\u001b[2m)\u001b[22m\n\n    Expected: >= \u001b[32m3\u001b[39m\n    Received:    \u001b[31m1\u001b[39m\n\u001b[2m\u001b[22m\n\u001b[2m    \u001b[0m \u001b[90m 47 |\u001b[39m\u001b[22m\n\u001b[2m     \u001b[90m 48 |\u001b[39m       expect(\u001b[33mArray\u001b[39m\u001b[33m.\u001b[39misArray(breakfast))\u001b[33m.\u001b[39mtoBe(\u001b[36mtrue\u001b[39m)\u001b[33m;\u001b[39m\u001b[22m\n\u001b[2m    \u001b[31m\u001b[1m>\u001b[22m\u001b[2m\u001b[39m\u001b[90m 49 |\u001b[39m       expect(breakfast\u001b[33m.\u001b[39mlength)\u001b[33m.\u001b[39mtoBeGreaterThanOrEqual(\u001b[35m3\u001b[39m)\u001b[33m;\u001b[39m \u001b[90m// En az Main + Side + Drink\u001b[39m\u001b[22m\n\u001b[2m     \u001b[90m    |\u001b[39m                                \u001b[31m\u001b[1m^\u001b[22m\u001b[2m\u001b[39m\u001b[22m\n\u001b[2m     \u001b[90m 50 |\u001b[39m\u001b[22m\n\u001b[2m     \u001b[90m 51 |\u001b[39m       \u001b[36mconst\u001b[39m hasMain \u001b[33m=\u001b[39m breakfast\u001b[33m.\u001b[39msome((f) \u001b[33m=>\u001b[39m f\u001b[33m.\u001b[39msubCategory \u001b[33m===\u001b[39m \u001b[32m\"main\"\u001b[39m)\u001b[33m;\u001b[39m\u001b[22m\n\u001b[2m     \u001b[90m 52 |\u001b[39m       \u001b[36mconst\u001b[39m hasSide \u001b[33m=\u001b[39m breakfast\u001b[33m.\u001b[39msome((f) \u001b[33m=>\u001b[39m f\u001b[33m.\u001b[39msubCategory \u001b[33m===\u001b[39m \u001b[32m\"side\"\u001b[39m)\u001b[33m;\u001b[39m\u001b[0m\u001b[22m\n\u001b[2m\u001b[22m\n\u001b[2m      \u001b[2mat Object.toBeGreaterThanOrEqual (\u001b[22m\u001b[2m\u001b[0m\u001b[36m__tests__/mealPlanner.test.ts\u001b[39m\u001b[0m\u001b[2m:49:32)\u001b[22m\u001b[2m\u001b[22m\n\u001b[2m      \u001b[2mat asyncGeneratorStep (\u001b[22m\u001b[2mnode_modules/@babel/runtime/helpers/asyncToGenerator.js\u001b[2m:3:17)\u001b[22m\u001b[2m\u001b[22m\n\u001b[2m      \u001b[2mat _next (\u001b[22m\u001b[2mnode_modules/@babel/runtime/helpers/asyncToGenerator.js\u001b[2m:17:9)\u001b[22m\u001b[2m\u001b[22m\n","name":"C:\\Users\\eargu\\GitHub\\YemekMenu\\__tests__\\mealPlanner.test.ts","startTime":1769362940055,"status":"failed","summary":""}],"wasInterrupted":false}
