TN:
SF:auth.tsx
FN:11,AuthProvider
FN:16,(anonymous_1)
FN:25,(anonymous_2)
FN:37,(anonymous_3)
FN:55,(anonymous_4)
FN:83,(anonymous_5)
FN:104,useAuth
FNF:7
FNH:0
FNDA:0,AuthProvider
FNDA:0,(anonymous_1)
FNDA:0,(anonymous_2)
FNDA:0,(anonymous_3)
FNDA:0,(anonymous_4)
FNDA:0,(anonymous_5)
FNDA:0,useAuth
DA:7,0
DA:9,0
DA:12,0
DA:13,0
DA:14,0
DA:16,0
DA:18,0
DA:25,0
DA:26,0
DA:27,0
DA:28,0
DA:29,0
DA:31,0
DA:34,0
DA:37,0
DA:38,0
DA:40,0
DA:41,0
DA:43,0
DA:44,0
DA:45,0
DA:46,0
DA:48,0
DA:50,0
DA:51,0
DA:55,0
DA:56,0
DA:58,0
DA:59,0
DA:60,0
DA:64,0
DA:66,0
DA:67,0
DA:69,0
DA:70,0
DA:71,0
DA:72,0
DA:73,0
DA:76,0
DA:78,0
DA:79,0
DA:83,0
DA:84,0
DA:85,0
DA:88,0
DA:97,0
DA:105,0
DA:106,0
DA:107,0
DA:109,0
LF:50
LH:0
BRDA:27,0,0,0
BRDA:27,0,1,0
BRDA:43,1,0,0
BRDA:43,1,1,0
BRDA:59,2,0,0
BRDA:59,2,1,0
BRDA:67,3,0,0
BRDA:67,3,1,0
BRDA:70,4,0,0
BRDA:70,4,1,0
BRDA:106,5,0,0
BRDA:106,5,1,0
BRF:12
BRH:0
end_of_record
TN:
SF:babel.config.js
FNF:0
FNH:0
DA:1,0
LF:1
LH:0
BRF:0
BRH:0
end_of_record
TN:
SF:database.ts
FN:274,(anonymous_0)
FN:278,(anonymous_1)
FN:282,(anonymous_2)
FN:293,(anonymous_3)
FN:305,(anonymous_4)
FN:309,(anonymous_5)
FN:313,(anonymous_6)
FN:323,(anonymous_7)
FN:334,(anonymous_8)
FN:348,(anonymous_9)
FN:352,(anonymous_10)
FN:356,(anonymous_11)
FN:364,(anonymous_12)
FN:416,(anonymous_13)
FN:424,(anonymous_14)
FN:434,(anonymous_15)
FN:441,(anonymous_16)
FN:449,(anonymous_17)
FN:460,(anonymous_18)
FN:465,(anonymous_19)
FN:471,(anonymous_20)
FN:479,(anonymous_21)
FN:491,(anonymous_22)
FN:499,(anonymous_23)
FN:508,(anonymous_24)
FN:515,(anonymous_25)
FNF:26
FNH:0
FNDA:0,(anonymous_0)
FNDA:0,(anonymous_1)
FNDA:0,(anonymous_2)
FNDA:0,(anonymous_3)
FNDA:0,(anonymous_4)
FNDA:0,(anonymous_5)
FNDA:0,(anonymous_6)
FNDA:0,(anonymous_7)
FNDA:0,(anonymous_8)
FNDA:0,(anonymous_9)
FNDA:0,(anonymous_10)
FNDA:0,(anonymous_11)
FNDA:0,(anonymous_12)
FNDA:0,(anonymous_13)
FNDA:0,(anonymous_14)
FNDA:0,(anonymous_15)
FNDA:0,(anonymous_16)
FNDA:0,(anonymous_17)
FNDA:0,(anonymous_18)
FNDA:0,(anonymous_19)
FNDA:0,(anonymous_20)
FNDA:0,(anonymous_21)
FNDA:0,(anonymous_22)
FNDA:0,(anonymous_23)
FNDA:0,(anonymous_24)
FNDA:0,(anonymous_25)
DA:7,0
DA:271,0
DA:273,0
DA:275,0
DA:276,0
DA:279,0
DA:280,0
DA:283,0
DA:285,0
DA:286,0
DA:287,0
DA:288,0
DA:291,0
DA:294,0
DA:296,0
DA:297,0
DA:299,0
DA:304,0
DA:306,0
DA:307,0
DA:310,0
DA:311,0
DA:314,0
DA:315,0
DA:316,0
DA:317,0
DA:318,0
DA:321,0
DA:324,0
DA:325,0
DA:326,0
DA:328,0
DA:334,0
DA:335,0
DA:336,0
DA:337,0
DA:341,0
DA:343,0
DA:348,0
DA:349,0
DA:350,0
DA:352,0
DA:356,0
DA:358,0
DA:359,0
DA:364,0
DA:366,0
DA:377,0
DA:390,0
DA:403,0
DA:416,0
DA:417,0
DA:424,0
DA:425,0
DA:426,0
DA:434,0
DA:435,0
DA:436,0
DA:437,0
DA:441,0
DA:442,0
DA:446,0
DA:449,0
DA:450,0
DA:451,0
DA:455,0
DA:456,0
DA:460,0
DA:461,0
DA:462,0
DA:465,0
DA:466,0
DA:467,0
DA:471,0
DA:472,0
DA:476,0
DA:479,0
DA:480,0
DA:487,0
DA:491,0
DA:492,0
DA:496,0
DA:499,0
DA:500,0
DA:504,0
DA:508,0
DA:510,0
DA:512,0
DA:515,0
DA:516,0
DA:517,0
LF:91
LH:0
BRDA:271,0,0,0
BRDA:271,0,1,0
BRDA:285,1,0,0
BRDA:285,1,1,0
BRDA:285,2,0,0
BRDA:285,2,1,0
BRDA:285,2,2,0
BRDA:285,2,3,0
BRDA:287,3,0,0
BRDA:287,3,1,0
BRDA:287,4,0,0
BRDA:287,4,1,0
BRDA:296,5,0,0
BRDA:296,5,1,0
BRDA:315,6,0,0
BRDA:315,6,1,0
BRDA:315,7,0,0
BRDA:315,7,1,0
BRDA:315,7,2,0
BRDA:315,7,3,0
BRDA:317,8,0,0
BRDA:317,8,1,0
BRDA:317,9,0,0
BRDA:317,9,1,0
BRDA:325,10,0,0
BRDA:325,10,1,0
BRDA:335,11,0,0
BRDA:335,11,1,0
BRDA:341,12,0,0
BRDA:341,12,1,0
BRDA:341,13,0,0
BRDA:341,13,1,0
BRDA:350,14,0,0
BRDA:350,14,1,0
BRF:34
BRH:0
end_of_record
TN:
SF:eslint.config.js
FNF:0
FNH:0
DA:2,0
DA:3,0
DA:5,0
LF:3
LH:0
BRF:0
BRH:0
end_of_record
TN:
SF:expo-env.d.ts
FNF:0
FNH:0
LF:0
LH:0
BRF:0
BRH:0
end_of_record
TN:
SF:mealPlanner.ts
FNF:0
FNH:0
LF:0
LH:0
BRF:0
BRH:0
end_of_record
TN:
SF:types.ts
FNF:0
FNH:0
DA:226,0
DA:240,0
DA:248,0
DA:254,0
LF:4
LH:0
BRF:0
BRH:0
end_of_record
TN:
SF:.expo\types\router.d.ts
FNF:0
FNH:0
LF:0
LH:0
BRF:0
BRH:0
end_of_record
TN:
SF:__tests__\testUtils.ts
FN:4,(anonymous_0)
FN:12,(anonymous_1)
FN:23,(anonymous_2)
FN:61,(anonymous_3)
FN:63,(anonymous_4)
FN:73,(anonymous_5)
FN:78,(anonymous_6)
FN:82,(anonymous_7)
FNF:8
FNH:0
FNDA:0,(anonymous_0)
FNDA:0,(anonymous_1)
FNDA:0,(anonymous_2)
FNDA:0,(anonymous_3)
FNDA:0,(anonymous_4)
FNDA:0,(anonymous_5)
FNDA:0,(anonymous_6)
FNDA:0,(anonymous_7)
DA:4,0
DA:12,0
DA:23,0
DA:33,0
DA:38,0
DA:45,0
DA:53,0
DA:61,0
DA:63,0
DA:73,0
DA:74,0
DA:78,0
DA:79,0
DA:82,0
DA:83,0
DA:84,0
DA:85,0
LF:17
LH:0
BRDA:4,0,0,0
BRDA:12,1,0,0
BRDA:23,2,0,0
BRF:3
BRH:0
end_of_record
TN:
SF:app\_layout.tsx
FN:13,RootLayout
FNF:1
FNH:0
FNDA:0,RootLayout
DA:9,0
DA:14,0
DA:16,0
LF:3
LH:0
BRDA:18,0,0,0
BRDA:18,0,1,0
BRF:2
BRH:0
end_of_record
TN:
SF:app\index.tsx
FN:6,LoginScreen
FN:13,(anonymous_1)
FN:31,(anonymous_2)
FN:41,(anonymous_3)
FN:51,(anonymous_4)
FN:121,(anonymous_5)
FNF:6
FNH:0
FNDA:0,LoginScreen
FNDA:0,(anonymous_1)
FNDA:0,(anonymous_2)
FNDA:0,(anonymous_3)
FNDA:0,(anonymous_4)
FNDA:0,(anonymous_5)
DA:7,0
DA:8,0
DA:9,0
DA:10,0
DA:11,0
DA:13,0
DA:14,0
DA:15,0
DA:16,0
DA:19,0
DA:20,0
DA:21,0
DA:22,0
DA:24,0
DA:27,0
DA:31,0
DA:32,0
DA:33,0
DA:34,0
DA:37,0
DA:38,0
DA:39,0
DA:40,0
DA:41,0
DA:44,0
DA:47,0
DA:51,0
DA:52,0
DA:53,0
DA:54,0
DA:55,0
DA:56,0
DA:57,0
DA:58,0
DA:60,0
DA:63,0
DA:64,0
DA:68,0
DA:121,0
DA:139,0
LF:40
LH:0
BRDA:14,0,0,0
BRDA:14,0,1,0
BRDA:14,1,0,0
BRDA:14,1,1,0
BRDA:21,2,0,0
BRDA:21,2,1,0
BRDA:32,3,0,0
BRDA:32,3,1,0
BRDA:32,4,0,0
BRDA:32,4,1,0
BRDA:32,4,2,0
BRDA:39,5,0,0
BRDA:39,5,1,0
BRDA:56,6,0,0
BRDA:56,6,1,0
BRDA:80,7,0,0
BRDA:80,7,1,0
BRDA:90,8,0,0
BRDA:90,8,1,0
BRDA:109,9,0,0
BRDA:109,9,1,0
BRDA:124,10,0,0
BRDA:124,10,1,0
BRF:23
BRH:0
end_of_record
TN:
SF:app\modal.tsx
FN:7,ModalScreen
FNF:1
FNH:0
FNDA:0,ModalScreen
DA:8,0
DA:18,0
LF:2
LH:0
BRF:0
BRH:0
end_of_record
TN:
SF:app\(tabs)\_layout.tsx
FN:8,TabLayout
FN:21,(anonymous_1)
FN:30,(anonymous_2)
FN:39,(anonymous_3)
FNF:4
FNH:0
FNDA:0,TabLayout
FNDA:0,(anonymous_1)
FNDA:0,(anonymous_2)
FNDA:0,(anonymous_3)
DA:9,0
DA:11,0
DA:22,0
DA:31,0
DA:40,0
LF:5
LH:0
BRDA:14,0,0,0
BRDA:14,0,1,0
BRDA:22,1,0,0
BRDA:22,1,1,0
BRDA:31,2,0,0
BRDA:31,2,1,0
BRDA:40,3,0,0
BRDA:40,3,1,0
BRF:8
BRH:0
end_of_record
TN:
SF:app\(tabs)\explore.tsx
FN:15,MenuScreen
FN:32,(anonymous_1)
FN:39,(anonymous_2)
FN:48,(anonymous_3)
FN:59,(anonymous_4)
FN:79,(anonymous_5)
FN:85,(anonymous_6)
FN:115,(anonymous_7)
FN:127,(anonymous_8)
FN:146,(anonymous_9)
FN:162,(anonymous_10)
FN:174,(anonymous_11)
FNF:12
FNH:0
FNDA:0,MenuScreen
FNDA:0,(anonymous_1)
FNDA:0,(anonymous_2)
FNDA:0,(anonymous_3)
FNDA:0,(anonymous_4)
FNDA:0,(anonymous_5)
FNDA:0,(anonymous_6)
FNDA:0,(anonymous_7)
FNDA:0,(anonymous_8)
FNDA:0,(anonymous_9)
FNDA:0,(anonymous_10)
FNDA:0,(anonymous_11)
DA:16,0
DA:17,0
DA:18,0
DA:19,0
DA:20,0
DA:21,0
DA:22,0
DA:24,0
DA:32,0
DA:33,0
DA:34,0
DA:35,0
DA:39,0
DA:40,0
DA:41,0
DA:42,0
DA:44,0
DA:48,0
DA:49,0
DA:50,0
DA:51,0
DA:52,0
DA:54,0
DA:59,0
DA:60,0
DA:61,0
DA:62,0
DA:65,0
DA:66,0
DA:67,0
DA:68,0
DA:69,0
DA:70,0
DA:72,0
DA:73,0
DA:75,0
DA:79,0
DA:80,0
DA:85,0
DA:98,0
DA:99,0
DA:106,0
DA:115,0
DA:127,0
DA:147,0
DA:163,0
DA:175,0
DA:188,0
LF:48
LH:0
BRDA:33,0,0,0
BRDA:33,0,1,0
BRDA:41,1,0,0
BRDA:41,1,1,0
BRDA:49,2,0,0
BRDA:49,2,1,0
BRDA:60,3,0,0
BRDA:60,3,1,0
BRDA:83,4,0,0
BRDA:83,4,1,0
BRDA:90,5,0,0
BRDA:90,5,1,0
BRDA:98,6,0,0
BRDA:98,6,1,0
BRDA:117,7,0,0
BRDA:117,7,1,0
BRDA:118,8,0,0
BRDA:118,8,1,0
BRDA:139,9,0,0
BRDA:139,9,1,0
BRDA:143,10,0,0
BRDA:143,10,1,0
BRDA:150,11,0,0
BRDA:150,11,1,0
BRDA:151,12,0,0
BRDA:151,12,1,0
BRDA:152,13,0,0
BRDA:152,13,1,0
BRDA:173,14,0,0
BRDA:173,14,1,0
BRF:30
BRH:0
end_of_record
TN:
SF:app\(tabs)\index.tsx
FN:6,RateFoodScreen
FN:9,(anonymous_1)
FNF:2
FNH:0
FNDA:0,RateFoodScreen
FNDA:0,(anonymous_1)
DA:7,0
DA:9,0
DA:11,0
DA:14,0
DA:15,0
DA:22,0
DA:31,0
LF:7
LH:0
BRDA:14,0,0,0
BRDA:14,0,1,0
BRF:2
BRH:0
end_of_record
TN:
SF:app\(tabs)\settings.tsx
FN:7,SettingsScreen
FN:10,(anonymous_1)
FN:24,(anonymous_2)
FN:38,(anonymous_3)
FN:47,(anonymous_4)
FN:61,(anonymous_5)
FNF:6
FNH:0
FNDA:0,SettingsScreen
FNDA:0,(anonymous_1)
FNDA:0,(anonymous_2)
FNDA:0,(anonymous_3)
FNDA:0,(anonymous_4)
FNDA:0,(anonymous_5)
DA:8,0
DA:10,0
DA:11,0
DA:12,0
DA:13,0
DA:16,0
DA:25,0
DA:26,0
DA:27,0
DA:29,0
DA:30,0
DA:38,0
DA:39,0
DA:48,0
DA:49,0
DA:50,0
DA:52,0
DA:53,0
DA:61,0
DA:62,0
DA:63,0
DA:66,0
DA:109,0
LF:23
LH:0
BRDA:11,0,0,0
BRDA:11,0,1,0
BRF:2
BRH:0
end_of_record
TN:
SF:app\responsive\_layout.tsx
FN:18,(anonymous_0)
FN:22,(anonymous_1)
FN:64,RootLayout
FN:69,(anonymous_3)
FNF:4
FNH:0
FNDA:0,(anonymous_0)
FNDA:0,(anonymous_1)
FNDA:0,RootLayout
FNDA:0,(anonymous_3)
DA:13,0
DA:18,0
DA:19,0
DA:22,0
DA:23,0
DA:24,0
DA:28,0
DA:29,0
DA:42,0
DA:57,0
DA:65,0
DA:66,0
DA:69,0
DA:70,0
DA:71,0
DA:76,0
DA:92,0
LF:17
LH:0
BRDA:23,0,0,0
BRDA:23,0,1,0
BRDA:28,1,0,0
BRDA:28,1,1,0
BRDA:70,2,0,0
BRDA:70,2,1,0
BRDA:79,3,0,0
BRDA:79,3,1,0
BRDA:83,4,0,0
BRDA:83,4,1,0
BRDA:86,5,0,0
BRDA:86,5,1,0
BRDA:94,6,0,0
BRDA:94,6,1,0
BRDA:102,7,0,0
BRDA:102,7,1,0
BRDA:104,8,0,0
BRDA:104,8,1,0
BRDA:110,9,0,0
BRDA:110,9,1,0
BRDA:115,10,0,0
BRDA:115,10,1,0
BRF:22
BRH:0
end_of_record
TN:
SF:components\AdaptiveScreen.tsx
FN:13,(anonymous_0)
FN:33,(anonymous_1)
FN:36,(anonymous_2)
FN:62,(anonymous_3)
FN:70,(anonymous_4)
FN:77,(anonymous_5)
FN:98,(anonymous_6)
FN:113,(anonymous_7)
FN:119,(anonymous_8)
FN:158,(anonymous_9)
FN:167,(anonymous_10)
FN:196,(anonymous_11)
FN:226,(anonymous_12)
FN:235,(anonymous_13)
FN:275,(anonymous_14)
FN:282,(anonymous_15)
FN:288,(anonymous_16)
FN:294,(anonymous_17)
FNF:18
FNH:0
FNDA:0,(anonymous_0)
FNDA:0,(anonymous_1)
FNDA:0,(anonymous_2)
FNDA:0,(anonymous_3)
FNDA:0,(anonymous_4)
FNDA:0,(anonymous_5)
FNDA:0,(anonymous_6)
FNDA:0,(anonymous_7)
FNDA:0,(anonymous_8)
FNDA:0,(anonymous_9)
FNDA:0,(anonymous_10)
FNDA:0,(anonymous_11)
FNDA:0,(anonymous_12)
FNDA:0,(anonymous_13)
FNDA:0,(anonymous_14)
FNDA:0,(anonymous_15)
FNDA:0,(anonymous_16)
FNDA:0,(anonymous_17)
DA:5,0
DA:13,0
DA:14,0
DA:16,0
DA:33,0
DA:34,0
DA:36,0
DA:37,0
DA:38,0
DA:39,0
DA:40,0
DA:42,0
DA:46,0
DA:62,0
DA:68,0
DA:70,0
DA:71,0
DA:72,0
DA:73,0
DA:74,0
DA:77,0
DA:78,0
DA:79,0
DA:80,0
DA:83,0
DA:90,0
DA:96,0
DA:99,0
DA:113,0
DA:117,0
DA:119,0
DA:120,0
DA:128,0
DA:131,0
DA:132,0
DA:133,0
DA:134,0
DA:137,0
DA:140,0
DA:144,0
DA:158,0
DA:165,0
DA:167,0
DA:168,0
DA:176,0
DA:179,0
DA:180,0
DA:185,0
DA:186,0
DA:193,0
DA:196,0
DA:197,0
DA:204,0
DA:207,0
DA:214,0
DA:226,0
DA:233,0
DA:235,0
DA:236,0
DA:249,0
DA:250,0
DA:256,0
DA:257,0
DA:268,0
DA:271,0
DA:275,0
DA:276,0
DA:277,0
DA:279,0
DA:283,0
DA:284,0
DA:285,0
DA:289,0
DA:290,0
DA:291,0
DA:295,0
DA:296,0
DA:297,0
DA:298,0
DA:303,0
LF:80
LH:0
BRDA:20,0,0,0
BRDA:20,0,1,0
BRDA:23,1,0,0
BRDA:23,1,1,0
BRDA:37,2,0,0
BRDA:37,2,1,0
BRDA:39,3,0,0
BRDA:39,3,1,0
BRDA:64,4,0,0
BRDA:65,5,0,0
BRDA:66,6,0,0
BRDA:71,7,0,0
BRDA:71,7,1,0
BRDA:71,8,0,0
BRDA:71,8,1,0
BRDA:72,9,0,0
BRDA:72,9,1,0
BRDA:72,10,0,0
BRDA:72,10,1,0
BRDA:73,11,0,0
BRDA:73,11,1,0
BRDA:73,12,0,0
BRDA:73,12,1,0
BRDA:74,13,0,0
BRDA:74,13,1,0
BRDA:78,14,0,0
BRDA:78,14,1,0
BRDA:79,15,0,0
BRDA:79,15,1,0
BRDA:114,16,0,0
BRDA:115,17,0,0
BRDA:131,18,0,0
BRDA:131,18,1,0
BRDA:133,19,0,0
BRDA:133,19,1,0
BRDA:141,20,0,0
BRDA:141,20,1,0
BRDA:160,21,0,0
BRDA:161,22,0,0
BRDA:162,23,0,0
BRDA:179,24,0,0
BRDA:179,24,1,0
BRDA:185,25,0,0
BRDA:185,25,1,0
BRDA:228,26,0,0
BRDA:229,27,0,0
BRDA:230,28,0,0
BRDA:249,29,0,0
BRDA:249,29,1,0
BRDA:256,30,0,0
BRDA:256,30,1,0
BRDA:283,31,0,0
BRDA:283,31,1,0
BRDA:284,32,0,0
BRDA:284,32,1,0
BRDA:289,33,0,0
BRDA:289,33,1,0
BRDA:290,34,0,0
BRDA:290,34,1,0
BRDA:295,35,0,0
BRDA:295,35,1,0
BRDA:296,36,0,0
BRDA:296,36,1,0
BRDA:297,37,0,0
BRDA:297,37,1,0
BRF:65
BRH:0
end_of_record
TN:
SF:components\FoodRatingComponent.tsx
FN:19,(anonymous_0)
FN:26,(anonymous_1)
FN:31,(anonymous_2)
FN:41,(anonymous_3)
FN:46,(anonymous_4)
FN:56,(anonymous_5)
FN:77,(anonymous_6)
FN:82,(anonymous_7)
FN:83,(anonymous_8)
FN:105,(anonymous_9)
FN:139,(anonymous_10)
FN:146,(anonymous_11)
FNF:12
FNH:0
FNDA:0,(anonymous_0)
FNDA:0,(anonymous_1)
FNDA:0,(anonymous_2)
FNDA:0,(anonymous_3)
FNDA:0,(anonymous_4)
FNDA:0,(anonymous_5)
FNDA:0,(anonymous_6)
FNDA:0,(anonymous_7)
FNDA:0,(anonymous_8)
FNDA:0,(anonymous_9)
FNDA:0,(anonymous_10)
FNDA:0,(anonymous_11)
DA:19,0
DA:20,0
DA:21,0
DA:22,0
DA:23,0
DA:24,0
DA:26,0
DA:27,0
DA:28,0
DA:31,0
DA:32,0
DA:33,0
DA:34,0
DA:36,0
DA:37,0
DA:41,0
DA:42,0
DA:43,0
DA:44,0
DA:45,0
DA:46,0
DA:47,0
DA:49,0
DA:51,0
DA:56,0
DA:57,0
DA:58,0
DA:59,0
DA:62,0
DA:63,0
DA:64,0
DA:67,0
DA:68,0
DA:69,0
DA:72,0
DA:73,0
DA:77,0
DA:82,0
DA:83,0
DA:84,0
DA:88,0
DA:89,0
DA:93,0
DA:94,0
DA:101,0
DA:102,0
DA:105,0
DA:112,0
DA:113,0
DA:115,0
DA:140,0
DA:146,0
DA:162,0
LF:53
LH:0
BRDA:42,0,0,0
BRDA:42,0,1,0
BRDA:57,1,0,0
BRDA:57,1,1,0
BRDA:72,2,0,0
BRDA:72,2,1,0
BRDA:93,3,0,0
BRDA:93,3,1,0
BRDA:101,4,0,0
BRDA:101,4,1,0
BRDA:113,5,0,0
BRDA:113,5,1,0
BRDA:119,6,0,0
BRDA:119,6,1,0
BRDA:144,7,0,0
BRDA:144,7,1,0
BRF:16
BRH:0
end_of_record
TN:
SF:components\ResponsiveComponents.tsx
FN:13,(anonymous_0)
FN:25,(anonymous_1)
FN:31,(anonymous_2)
FN:37,(anonymous_3)
FN:55,(anonymous_4)
FN:65,(anonymous_5)
FN:73,(anonymous_6)
FN:105,(anonymous_7)
FN:113,(anonymous_8)
FN:135,(anonymous_9)
FN:154,(anonymous_10)
FN:162,(anonymous_11)
FN:185,(anonymous_12)
FN:218,(anonymous_13)
FN:224,(anonymous_14)
FN:261,(anonymous_15)
FN:270,(anonymous_16)
FN:299,(anonymous_17)
FN:321,(anonymous_18)
FNF:19
FNH:0
FNDA:0,(anonymous_0)
FNDA:0,(anonymous_1)
FNDA:0,(anonymous_2)
FNDA:0,(anonymous_3)
FNDA:0,(anonymous_4)
FNDA:0,(anonymous_5)
FNDA:0,(anonymous_6)
FNDA:0,(anonymous_7)
FNDA:0,(anonymous_8)
FNDA:0,(anonymous_9)
FNDA:0,(anonymous_10)
FNDA:0,(anonymous_11)
FNDA:0,(anonymous_12)
FNDA:0,(anonymous_13)
FNDA:0,(anonymous_14)
FNDA:0,(anonymous_15)
FNDA:0,(anonymous_16)
FNDA:0,(anonymous_17)
FNDA:0,(anonymous_18)
DA:5,0
DA:13,0
DA:14,0
DA:16,0
DA:26,0
DA:27,0
DA:28,0
DA:32,0
DA:33,0
DA:34,0
DA:38,0
DA:39,0
DA:40,0
DA:41,0
DA:55,0
DA:62,0
DA:65,0
DA:66,0
DA:67,0
DA:68,0
DA:69,0
DA:73,0
DA:74,0
DA:75,0
DA:76,0
DA:77,0
DA:80,0
DA:89,0
DA:105,0
DA:111,0
DA:113,0
DA:114,0
DA:115,0
DA:116,0
DA:117,0
DA:120,0
DA:127,0
DA:133,0
DA:136,0
DA:154,0
DA:160,0
DA:162,0
DA:163,0
DA:164,0
DA:165,0
DA:168,0
DA:174,0
DA:185,0
DA:191,0
DA:193,0
DA:209,0
DA:218,0
DA:222,0
DA:224,0
DA:225,0
DA:233,0
DA:236,0
DA:237,0
DA:238,0
DA:239,0
DA:242,0
DA:245,0
DA:249,0
DA:261,0
DA:268,0
DA:270,0
DA:271,0
DA:279,0
DA:282,0
DA:283,0
DA:288,0
DA:289,0
DA:296,0
DA:299,0
DA:300,0
DA:307,0
DA:310,0
DA:317,0
DA:321,0
DA:322,0
DA:324,0
LF:81
LH:0
BRDA:20,0,0,0
BRDA:20,0,1,0
BRDA:23,1,0,0
BRDA:23,1,1,0
BRDA:26,2,0,0
BRDA:26,2,1,0
BRDA:27,3,0,0
BRDA:27,3,1,0
BRDA:32,4,0,0
BRDA:32,4,1,0
BRDA:33,5,0,0
BRDA:33,5,1,0
BRDA:38,6,0,0
BRDA:38,6,1,0
BRDA:39,7,0,0
BRDA:39,7,1,0
BRDA:40,8,0,0
BRDA:40,8,1,0
BRDA:58,9,0,0
BRDA:59,10,0,0
BRDA:66,11,0,0
BRDA:66,11,1,0
BRDA:67,12,0,0
BRDA:67,12,1,0
BRDA:68,13,0,0
BRDA:68,13,1,0
BRDA:74,14,0,0
BRDA:74,14,1,0
BRDA:75,15,0,0
BRDA:75,15,1,0
BRDA:76,16,0,0
BRDA:76,16,1,0
BRDA:82,17,0,0
BRDA:82,17,1,0
BRDA:107,18,0,0
BRDA:108,19,0,0
BRDA:114,20,0,0
BRDA:114,20,1,0
BRDA:114,21,0,0
BRDA:114,21,1,0
BRDA:115,22,0,0
BRDA:115,22,1,0
BRDA:115,23,0,0
BRDA:115,23,1,0
BRDA:116,24,0,0
BRDA:116,24,1,0
BRDA:116,25,0,0
BRDA:116,25,1,0
BRDA:117,26,0,0
BRDA:117,26,1,0
BRDA:157,27,0,0
BRDA:158,28,0,0
BRDA:163,29,0,0
BRDA:163,29,1,0
BRDA:163,30,0,0
BRDA:163,30,1,0
BRDA:164,31,0,0
BRDA:164,31,1,0
BRDA:164,32,0,0
BRDA:164,32,1,0
BRDA:165,33,0,0
BRDA:165,33,1,0
BRDA:188,34,0,0
BRDA:189,35,0,0
BRDA:194,36,0,0
BRDA:194,36,1,0
BRDA:195,37,0,0
BRDA:195,37,1,0
BRDA:196,38,0,0
BRDA:196,38,1,0
BRDA:201,39,0,0
BRDA:201,39,1,0
BRDA:203,40,0,0
BRDA:203,40,1,0
BRDA:204,41,0,0
BRDA:204,41,1,0
BRDA:219,42,0,0
BRDA:220,43,0,0
BRDA:236,44,0,0
BRDA:236,44,1,0
BRDA:238,45,0,0
BRDA:238,45,1,0
BRDA:246,46,0,0
BRDA:246,46,1,0
BRDA:263,47,0,0
BRDA:264,48,0,0
BRDA:265,49,0,0
BRDA:282,50,0,0
BRDA:282,50,1,0
BRDA:288,51,0,0
BRDA:288,51,1,0
BRDA:326,52,0,0
BRDA:326,52,1,0
BRF:93
BRH:0
end_of_record
TN:
SF:components\ResponsiveContainer.tsx
FN:15,(anonymous_0)
FN:25,(anonymous_1)
FN:33,(anonymous_2)
FN:64,(anonymous_3)
FN:72,(anonymous_4)
FN:93,(anonymous_5)
FN:111,(anonymous_6)
FN:119,(anonymous_7)
FN:142,(anonymous_8)
FN:170,(anonymous_9)
FN:183,(anonymous_10)
FN:193,(anonymous_11)
FNF:12
FNH:0
FNDA:0,(anonymous_0)
FNDA:0,(anonymous_1)
FNDA:0,(anonymous_2)
FNDA:0,(anonymous_3)
FNDA:0,(anonymous_4)
FNDA:0,(anonymous_5)
FNDA:0,(anonymous_6)
FNDA:0,(anonymous_7)
FNDA:0,(anonymous_8)
FNDA:0,(anonymous_9)
FNDA:0,(anonymous_10)
FNDA:0,(anonymous_11)
DA:15,0
DA:22,0
DA:25,0
DA:26,0
DA:27,0
DA:28,0
DA:29,0
DA:33,0
DA:34,0
DA:35,0
DA:36,0
DA:37,0
DA:40,0
DA:49,0
DA:64,0
DA:70,0
DA:72,0
DA:73,0
DA:74,0
DA:75,0
DA:78,0
DA:85,0
DA:91,0
DA:94,0
DA:111,0
DA:117,0
DA:119,0
DA:120,0
DA:121,0
DA:122,0
DA:125,0
DA:131,0
DA:142,0
DA:148,0
DA:150,0
DA:166,0
DA:170,0
DA:171,0
DA:173,0
DA:183,0
DA:191,0
DA:193,0
DA:194,0
DA:196,0
DA:197,0
DA:198,0
DA:199,0
DA:200,0
DA:201,0
DA:204,0
DA:207,0
LF:51
LH:0
BRDA:18,0,0,0
BRDA:19,1,0,0
BRDA:26,2,0,0
BRDA:26,2,1,0
BRDA:27,3,0,0
BRDA:27,3,1,0
BRDA:28,4,0,0
BRDA:28,4,1,0
BRDA:34,5,0,0
BRDA:34,5,1,0
BRDA:35,6,0,0
BRDA:35,6,1,0
BRDA:36,7,0,0
BRDA:36,7,1,0
BRDA:42,8,0,0
BRDA:42,8,1,0
BRDA:66,9,0,0
BRDA:67,10,0,0
BRDA:73,11,0,0
BRDA:73,11,1,0
BRDA:73,12,0,0
BRDA:73,12,1,0
BRDA:74,13,0,0
BRDA:74,13,1,0
BRDA:74,14,0,0
BRDA:74,14,1,0
BRDA:75,15,0,0
BRDA:75,15,1,0
BRDA:114,16,0,0
BRDA:115,17,0,0
BRDA:120,18,0,0
BRDA:120,18,1,0
BRDA:120,19,0,0
BRDA:120,19,1,0
BRDA:121,20,0,0
BRDA:121,20,1,0
BRDA:121,21,0,0
BRDA:121,21,1,0
BRDA:122,22,0,0
BRDA:122,22,1,0
BRDA:145,23,0,0
BRDA:146,24,0,0
BRDA:151,25,0,0
BRDA:151,25,1,0
BRDA:152,26,0,0
BRDA:152,26,1,0
BRDA:153,27,0,0
BRDA:153,27,1,0
BRDA:158,28,0,0
BRDA:158,28,1,0
BRDA:160,29,0,0
BRDA:160,29,1,0
BRDA:161,30,0,0
BRDA:161,30,1,0
BRDA:175,31,0,0
BRDA:175,31,1,0
BRDA:196,32,0,0
BRDA:196,32,1,0
BRDA:196,33,0,0
BRDA:196,33,1,0
BRDA:198,34,0,0
BRDA:198,34,1,0
BRDA:198,35,0,0
BRDA:198,35,1,0
BRDA:200,36,0,0
BRDA:200,36,1,0
BRDA:200,37,0,0
BRDA:200,37,1,0
BRF:68
BRH:0
end_of_record
TN:
SF:components\external-link.tsx
FN:7,ExternalLink
FN:13,(anonymous_1)
FNF:2
FNH:0
FNDA:0,ExternalLink
FNDA:0,(anonymous_1)
DA:8,0
DA:14,0
DA:16,0
DA:18,0
LF:4
LH:0
BRDA:14,0,0,0
BRDA:14,0,1,0
BRF:2
BRH:0
end_of_record
TN:
SF:components\haptic-tab.tsx
FN:5,HapticTab
FN:9,(anonymous_1)
FNF:2
FNH:0
FNDA:0,HapticTab
FNDA:0,(anonymous_1)
DA:6,0
DA:10,0
DA:12,0
DA:14,0
LF:4
LH:0
BRDA:10,0,0,0
BRDA:10,0,1,0
BRF:2
BRH:0
end_of_record
TN:
SF:components\hello-wave.tsx
FN:3,HelloWave
FNF:1
FNH:0
FNDA:0,HelloWave
DA:4,0
LF:1
LH:0
BRF:0
BRH:0
end_of_record
TN:
SF:components\parallax-scroll-view.tsx
FN:21,ParallaxScrollView
FN:30,(anonymous_1)
FNF:2
FNH:0
FNDA:0,ParallaxScrollView
FNDA:0,(anonymous_1)
DA:14,0
DA:26,0
DA:27,0
DA:28,0
DA:29,0
DA:30,0
DA:31,0
DA:47,0
DA:65,0
LF:9
LH:0
BRDA:27,0,0,0
BRDA:27,0,1,0
BRF:2
BRH:0
end_of_record
TN:
SF:components\themed-text.tsx
FN:11,ThemedText
FNF:1
FNH:0
FNDA:0,ThemedText
DA:18,0
DA:20,0
DA:36,0
LF:3
LH:0
BRDA:15,0,0,0
BRDA:24,1,0,0
BRDA:24,1,1,0
BRDA:25,2,0,0
BRDA:25,2,1,0
BRDA:26,3,0,0
BRDA:26,3,1,0
BRDA:27,4,0,0
BRDA:27,4,1,0
BRDA:28,5,0,0
BRDA:28,5,1,0
BRF:11
BRH:0
end_of_record
TN:
SF:components\themed-view.tsx
FN:10,ThemedView
FNF:1
FNH:0
FNDA:0,ThemedView
DA:11,0
DA:13,0
LF:2
LH:0
BRF:0
BRH:0
end_of_record
TN:
SF:components\ui\FoodCard.tsx
FN:26,(anonymous_0)
FN:46,(anonymous_1)
FN:53,(anonymous_2)
FN:60,(anonymous_3)
FN:66,(anonymous_4)
FN:88,(anonymous_5)
FN:101,(anonymous_6)
FN:120,(anonymous_7)
FNF:8
FNH:0
FNDA:0,(anonymous_0)
FNDA:0,(anonymous_1)
FNDA:0,(anonymous_2)
FNDA:0,(anonymous_3)
FNDA:0,(anonymous_4)
FNDA:0,(anonymous_5)
FNDA:0,(anonymous_6)
FNDA:0,(anonymous_7)
DA:24,0
DA:26,0
DA:34,0
DA:35,0
DA:36,0
DA:38,0
DA:44,0
DA:46,0
DA:47,0
DA:53,0
DA:54,0
DA:60,0
DA:61,0
DA:62,0
DA:66,0
DA:67,0
DA:70,0
DA:83,0
DA:84,0
DA:88,0
DA:89,0
DA:90,0
DA:92,0
DA:93,0
DA:98,0
DA:101,0
DA:117,0
DA:120,0
DA:121,0
DA:123,0
DA:124,0
DA:131,0
DA:132,0
DA:139,0
DA:140,0
DA:147,0
DA:152,0
DA:204,0
LF:38
LH:0
BRDA:31,0,0,0
BRDA:32,1,0,0
BRDA:34,2,0,0
BRDA:34,2,1,0
BRDA:61,3,0,0
BRDA:61,3,1,0
BRDA:83,4,0,0
BRDA:83,4,1,0
BRDA:95,5,0,0
BRDA:95,5,1,0
BRDA:108,6,0,0
BRDA:108,6,1,0
BRDA:110,7,0,0
BRDA:110,7,1,0
BRDA:123,8,0,0
BRDA:123,8,1,0
BRDA:131,9,0,0
BRDA:131,9,1,0
BRDA:139,10,0,0
BRDA:139,10,1,0
BRDA:147,11,0,0
BRDA:147,11,1,0
BRDA:188,12,0,0
BRDA:188,12,1,0
BRDA:191,13,0,0
BRDA:191,13,1,0
BRF:26
BRH:0
end_of_record
TN:
SF:components\ui\LazyImage.tsx
FN:12,(anonymous_0)
FN:21,(anonymous_1)
FN:26,(anonymous_2)
FNF:3
FNH:0
FNDA:0,(anonymous_0)
FNDA:0,(anonymous_1)
FNDA:0,(anonymous_2)
DA:12,0
DA:18,0
DA:19,0
DA:21,0
DA:22,0
DA:23,0
DA:26,0
DA:27,0
DA:28,0
DA:31,0
DA:32,0
DA:35,0
DA:53,0
LF:13
LH:0
BRDA:31,0,0,0
BRDA:31,0,1,0
BRDA:31,1,0,0
BRDA:31,1,1,0
BRDA:37,2,0,0
BRDA:37,2,1,0
BRDA:39,3,0,0
BRDA:39,3,1,0
BRDA:44,4,0,0
BRDA:44,4,1,0
BRF:10
BRH:0
end_of_record
TN:
SF:components\ui\LoginScreen.tsx
FN:24,(anonymous_0)
FN:35,(anonymous_1)
FN:54,(anonymous_2)
FN:77,(anonymous_3)
FN:127,(anonymous_4)
FN:130,(anonymous_5)
FN:152,(anonymous_6)
FN:155,(anonymous_7)
FNF:8
FNH:0
FNDA:0,(anonymous_0)
FNDA:0,(anonymous_1)
FNDA:0,(anonymous_2)
FNDA:0,(anonymous_3)
FNDA:0,(anonymous_4)
FNDA:0,(anonymous_5)
FNDA:0,(anonymous_6)
FNDA:0,(anonymous_7)
DA:24,0
DA:28,0
DA:29,0
DA:30,0
DA:31,0
DA:33,0
DA:35,0
DA:36,0
DA:38,0
DA:39,0
DA:40,0
DA:41,0
DA:44,0
DA:45,0
DA:46,0
DA:47,0
DA:50,0
DA:51,0
DA:54,0
DA:55,0
DA:57,0
DA:58,0
DA:60,0
DA:61,0
DA:66,0
DA:67,0
DA:70,0
DA:71,0
DA:73,0
DA:77,0
DA:78,0
DA:79,0
DA:80,0
DA:82,0
DA:83,0
DA:88,0
DA:89,0
DA:92,0
DA:93,0
DA:95,0
DA:99,0
DA:128,0
DA:129,0
DA:130,0
DA:153,0
DA:154,0
DA:155,0
DA:210,0
LF:48
LH:0
BRDA:38,0,0,0
BRDA:38,0,1,0
BRDA:40,1,0,0
BRDA:40,1,1,0
BRDA:44,2,0,0
BRDA:44,2,1,0
BRDA:46,3,0,0
BRDA:46,3,1,0
BRDA:55,4,0,0
BRDA:55,4,1,0
BRDA:66,5,0,0
BRDA:66,5,1,0
BRDA:88,6,0,0
BRDA:88,6,1,0
BRDA:102,7,0,0
BRDA:102,7,1,0
BRDA:122,8,0,0
BRDA:122,8,1,0
BRDA:129,9,0,0
BRDA:129,9,1,0
BRDA:137,10,0,0
BRDA:137,10,1,0
BRDA:147,11,0,0
BRDA:147,11,1,0
BRDA:154,12,0,0
BRDA:154,12,1,0
BRDA:163,13,0,0
BRDA:163,13,1,0
BRDA:169,14,0,0
BRDA:169,14,1,0
BRDA:173,15,0,0
BRDA:173,15,1,0
BRF:32
BRH:0
end_of_record
TN:
SF:components\ui\MenuPlanner.tsx
FN:23,(anonymous_0)
FN:43,(anonymous_1)
FN:48,(anonymous_2)
FN:67,(anonymous_3)
FN:72,(anonymous_4)
FN:89,(anonymous_5)
FN:111,(anonymous_6)
FN:161,(anonymous_7)
FN:168,(anonymous_8)
FN:202,(anonymous_9)
FN:209,(anonymous_10)
FN:240,(anonymous_11)
FNF:12
FNH:0
FNDA:0,(anonymous_0)
FNDA:0,(anonymous_1)
FNDA:0,(anonymous_2)
FNDA:0,(anonymous_3)
FNDA:0,(anonymous_4)
FNDA:0,(anonymous_5)
FNDA:0,(anonymous_6)
FNDA:0,(anonymous_7)
FNDA:0,(anonymous_8)
FNDA:0,(anonymous_9)
FNDA:0,(anonymous_10)
FNDA:0,(anonymous_11)
DA:23,0
DA:26,0
DA:27,0
DA:28,0
DA:29,0
DA:30,0
DA:31,0
DA:33,0
DA:35,0
DA:43,0
DA:44,0
DA:46,0
DA:47,0
DA:49,0
DA:50,0
DA:51,0
DA:53,0
DA:54,0
DA:60,0
DA:61,0
DA:63,0
DA:67,0
DA:68,0
DA:70,0
DA:71,0
DA:73,0
DA:75,0
DA:76,0
DA:82,0
DA:83,0
DA:85,0
DA:89,0
DA:90,0
DA:97,0
DA:112,0
DA:114,0
DA:139,0
DA:162,0
DA:168,0
DA:203,0
DA:209,0
DA:240,0
DA:248,0
LF:43
LH:0
BRDA:50,0,0,0
BRDA:50,0,1,0
BRDA:53,1,0,0
BRDA:53,1,1,0
BRDA:75,2,0,0
BRDA:75,2,1,0
BRDA:121,3,0,0
BRDA:121,3,1,0
BRDA:166,4,0,0
BRDA:166,4,1,0
BRDA:173,5,0,0
BRDA:173,5,1,0
BRDA:207,6,0,0
BRDA:207,6,1,0
BRDA:213,7,0,0
BRDA:213,7,1,0
BRDA:225,8,0,0
BRDA:225,8,1,0
BRDA:229,9,0,0
BRDA:229,9,1,0
BRDA:237,10,0,0
BRDA:237,10,1,0
BRF:22
BRH:0
end_of_record
TN:
SF:components\ui\TabBarIcon.tsx
FN:7,(anonymous_0)
FNF:1
FNH:0
FNDA:0,(anonymous_0)
DA:7,0
DA:10,0
LF:2
LH:0
BRF:0
BRH:0
end_of_record
TN:
SF:components\ui\collapsible.tsx
FN:10,Collapsible
FN:18,(anonymous_1)
FN:18,(anonymous_2)
FNF:3
FNH:0
FNDA:0,Collapsible
FNDA:0,(anonymous_1)
FNDA:0,(anonymous_2)
DA:11,0
DA:12,0
DA:14,0
DA:18,0
DA:35,0
LF:5
LH:0
BRDA:12,0,0,0
BRDA:12,0,1,0
BRDA:24,1,0,0
BRDA:24,1,1,0
BRDA:25,2,0,0
BRDA:25,2,1,0
BRDA:30,3,0,0
BRDA:30,3,1,0
BRF:8
BRH:0
end_of_record
TN:
SF:components\ui\icon-symbol.ios.tsx
FN:4,IconSymbol
FNF:1
FNH:0
FNDA:0,IconSymbol
DA:17,0
LF:1
LH:0
BRDA:6,0,0,0
BRDA:9,1,0,0
BRF:2
BRH:0
end_of_record
TN:
SF:components\ui\icon-symbol.tsx
FN:28,IconSymbol
FNF:1
FNH:0
FNDA:0,IconSymbol
DA:16,0
DA:40,0
LF:2
LH:0
BRDA:30,0,0,0
BRF:1
BRH:0
end_of_record
TN:
SF:constants\Colors.ts
FNF:0
FNH:0
DA:2,0
LF:1
LH:0
BRF:0
BRH:0
end_of_record
TN:
SF:constants\responsive.ts
FNF:0
FNH:0
DA:2,0
DA:10,0
DA:20,0
DA:29,0
DA:44,0
DA:57,0
DA:64,0
DA:73,0
LF:8
LH:0
BRF:0
BRH:0
end_of_record
TN:
SF:constants\theme.ts
FNF:0
FNH:0
DA:9,0
DA:43,0
DA:71,0
DA:79,0
DA:89,0
LF:5
LH:0
BRF:0
BRH:0
end_of_record
TN:
SF:database\connection.ts
FN:8,(anonymous_0)
FN:13,(anonymous_1)
FN:34,(anonymous_2)
FNF:3
FNH:0
FNDA:0,(anonymous_0)
FNDA:0,(anonymous_1)
FNDA:0,(anonymous_2)
DA:8,0
DA:9,0
DA:13,0
DA:14,0
DA:15,0
DA:16,0
DA:17,0
DA:21,0
DA:24,0
DA:26,0
DA:28,0
DA:29,0
DA:34,0
DA:35,0
DA:37,0
DA:48,0
DA:61,0
DA:74,0
DA:85,0
DA:87,0
DA:88,0
LF:21
LH:0
BRDA:15,0,0,0
BRDA:15,0,1,0
BRF:2
BRH:0
end_of_record
TN:
SF:database\foods.ts
FN:13,(anonymous_0)
FN:17,(anonymous_1)
FN:21,(anonymous_2)
FN:28,(anonymous_3)
FN:32,(anonymous_4)
FN:36,(anonymous_5)
FN:43,(anonymous_6)
FN:56,(anonymous_7)
FN:59,(anonymous_8)
FN:68,(anonymous_9)
FN:71,(anonymous_10)
FN:79,(anonymous_11)
FN:96,(anonymous_12)
FN:108,(anonymous_13)
FN:122,(anonymous_14)
FN:133,(anonymous_15)
FN:143,(anonymous_16)
FN:160,(anonymous_17)
FNF:18
FNH:0
FNDA:0,(anonymous_0)
FNDA:0,(anonymous_1)
FNDA:0,(anonymous_2)
FNDA:0,(anonymous_3)
FNDA:0,(anonymous_4)
FNDA:0,(anonymous_5)
FNDA:0,(anonymous_6)
FNDA:0,(anonymous_7)
FNDA:0,(anonymous_8)
FNDA:0,(anonymous_9)
FNDA:0,(anonymous_10)
FNDA:0,(anonymous_11)
FNDA:0,(anonymous_12)
FNDA:0,(anonymous_13)
FNDA:0,(anonymous_14)
FNDA:0,(anonymous_15)
FNDA:0,(anonymous_16)
FNDA:0,(anonymous_17)
DA:5,0
DA:13,0
DA:14,0
DA:15,0
DA:17,0
DA:21,0
DA:23,0
DA:24,0
DA:28,0
DA:29,0
DA:30,0
DA:32,0
DA:36,0
DA:38,0
DA:39,0
DA:43,0
DA:44,0
DA:45,0
DA:46,0
DA:49,0
DA:51,0
DA:52,0
DA:56,0
DA:57,0
DA:58,0
DA:59,0
DA:60,0
DA:63,0
DA:64,0
DA:68,0
DA:69,0
DA:70,0
DA:71,0
DA:73,0
DA:74,0
DA:79,0
DA:80,0
DA:82,0
DA:83,0
DA:89,0
DA:91,0
DA:92,0
DA:96,0
DA:97,0
DA:99,0
DA:100,0
DA:102,0
DA:103,0
DA:108,0
DA:109,0
DA:111,0
DA:117,0
DA:118,0
DA:122,0
DA:123,0
DA:124,0
DA:125,0
DA:127,0
DA:128,0
DA:133,0
DA:134,0
DA:135,0
DA:136,0
DA:138,0
DA:139,0
DA:143,0
DA:144,0
DA:146,0
DA:155,0
DA:156,0
DA:160,0
DA:161,0
DA:162,0
DA:163,0
DA:165,0
DA:166,0
LF:76
LH:0
BRDA:15,0,0,0
BRDA:15,0,1,0
BRDA:17,1,0,0
BRDA:17,1,1,0
BRDA:21,2,0,0
BRDA:21,2,1,0
BRDA:30,3,0,0
BRDA:30,3,1,0
BRDA:45,4,0,0
BRDA:45,4,1,0
BRDA:82,5,0,0
BRDA:82,5,1,0
BRDA:82,6,0,0
BRDA:82,6,1,0
BRF:14
BRH:0
end_of_record
TN:
SF:database\index.ts
FNF:0
FNH:0
LF:0
LH:0
BRF:0
BRH:0
end_of_record
TN:
SF:database\mealPlans.ts
FN:4,(anonymous_0)
FN:14,(anonymous_1)
FN:29,(anonymous_2)
FN:52,(anonymous_3)
FN:62,(anonymous_4)
FN:72,(anonymous_5)
FN:75,(anonymous_6)
FNF:7
FNH:0
FNDA:0,(anonymous_0)
FNDA:0,(anonymous_1)
FNDA:0,(anonymous_2)
FNDA:0,(anonymous_3)
FNDA:0,(anonymous_4)
FNDA:0,(anonymous_5)
FNDA:0,(anonymous_6)
DA:4,0
DA:5,0
DA:6,0
DA:7,0
DA:9,0
DA:10,0
DA:14,0
DA:15,0
DA:17,0
DA:24,0
DA:25,0
DA:29,0
DA:30,0
DA:32,0
DA:47,0
DA:48,0
DA:52,0
DA:53,0
DA:54,0
DA:55,0
DA:57,0
DA:58,0
DA:62,0
DA:63,0
DA:64,0
DA:65,0
DA:67,0
DA:68,0
DA:72,0
DA:73,0
DA:74,0
DA:75,0
DA:77,0
DA:78,0
LF:34
LH:0
BRF:0
BRH:0
end_of_record
TN:
SF:database\ratings.ts
FN:4,(anonymous_0)
FN:18,(anonymous_1)
FN:28,(anonymous_2)
FN:38,(anonymous_3)
FN:48,(anonymous_4)
FN:62,(anonymous_5)
FN:67,(anonymous_6)
FNF:7
FNH:0
FNDA:0,(anonymous_0)
FNDA:0,(anonymous_1)
FNDA:0,(anonymous_2)
FNDA:0,(anonymous_3)
FNDA:0,(anonymous_4)
FNDA:0,(anonymous_5)
FNDA:0,(anonymous_6)
DA:4,0
DA:5,0
DA:7,0
DA:13,0
DA:14,0
DA:18,0
DA:19,0
DA:20,0
DA:21,0
DA:23,0
DA:24,0
DA:28,0
DA:29,0
DA:30,0
DA:31,0
DA:33,0
DA:34,0
DA:38,0
DA:39,0
DA:40,0
DA:41,0
DA:43,0
DA:44,0
DA:48,0
DA:49,0
DA:51,0
DA:57,0
DA:58,0
DA:62,0
DA:63,0
DA:64,0
DA:65,0
DA:67,0
DA:68,0
DA:70,0
DA:71,0
LF:36
LH:0
BRDA:65,0,0,0
BRDA:65,0,1,0
BRF:2
BRH:0
end_of_record
TN:
SF:database\users.ts
FN:4,(anonymous_0)
FN:21,(anonymous_1)
FN:32,(anonymous_2)
FN:42,(anonymous_3)
FNF:4
FNH:0
FNDA:0,(anonymous_0)
FNDA:0,(anonymous_1)
FNDA:0,(anonymous_2)
FNDA:0,(anonymous_3)
DA:4,0
DA:5,0
DA:7,0
DA:8,0
DA:14,0
DA:16,0
DA:17,0
DA:21,0
DA:22,0
DA:24,0
DA:25,0
DA:27,0
DA:28,0
DA:32,0
DA:33,0
DA:34,0
DA:35,0
DA:37,0
DA:38,0
DA:42,0
DA:43,0
DA:44,0
DA:45,0
DA:47,0
DA:48,0
LF:25
LH:0
BRDA:7,0,0,0
BRDA:7,0,1,0
BRDA:7,1,0,0
BRDA:7,1,1,0
BRF:4
BRH:0
end_of_record
TN:
SF:hooks\use-color-scheme.ts
FNF:0
FNH:0
LF:0
LH:0
BRF:0
BRH:0
end_of_record
TN:
SF:hooks\use-color-scheme.web.ts
FN:7,useColorScheme
FN:10,(anonymous_1)
FNF:2
FNH:0
FNDA:0,useColorScheme
FNDA:0,(anonymous_1)
DA:8,0
DA:10,0
DA:11,0
DA:14,0
DA:16,0
DA:17,0
DA:20,0
LF:7
LH:0
BRDA:16,0,0,0
BRDA:16,0,1,0
BRF:2
BRH:0
end_of_record
TN:
SF:hooks\use-theme-color.ts
FN:9,useThemeColor
FNF:1
FNH:0
FNDA:0,useThemeColor
DA:13,0
DA:14,0
DA:16,0
DA:17,0
DA:19,0
LF:5
LH:0
BRDA:13,0,0,0
BRDA:13,0,1,0
BRDA:16,1,0,0
BRDA:16,1,1,0
BRF:4
BRH:0
end_of_record
TN:
SF:hooks\useResponsive.ts
FN:8,(anonymous_0)
FN:19,(anonymous_1)
FN:26,(anonymous_2)
FN:33,(anonymous_3)
FN:41,(anonymous_4)
FN:49,(anonymous_5)
FN:56,(anonymous_6)
FN:91,(anonymous_7)
FN:109,(anonymous_8)
FNF:9
FNH:0
FNDA:0,(anonymous_0)
FNDA:0,(anonymous_1)
FNDA:0,(anonymous_2)
FNDA:0,(anonymous_3)
FNDA:0,(anonymous_4)
FNDA:0,(anonymous_5)
FNDA:0,(anonymous_6)
FNDA:0,(anonymous_7)
FNDA:0,(anonymous_8)
DA:8,0
DA:9,0
DA:12,0
DA:13,0
DA:14,0
DA:15,0
DA:16,0
DA:19,0
DA:20,0
DA:21,0
DA:22,0
DA:26,0
DA:27,0
DA:28,0
DA:29,0
DA:33,0
DA:34,0
DA:35,0
DA:36,0
DA:37,0
DA:41,0
DA:42,0
DA:43,0
DA:44,0
DA:45,0
DA:49,0
DA:50,0
DA:51,0
DA:52,0
DA:56,0
DA:57,0
DA:58,0
DA:66,0
DA:76,0
DA:91,0
DA:92,0
DA:94,0
DA:109,0
DA:110,0
DA:112,0
LF:40
LH:0
BRDA:13,0,0,0
BRDA:13,0,1,0
BRDA:16,1,0,0
BRDA:16,1,1,0
BRDA:20,2,0,0
BRDA:20,2,1,0
BRDA:21,3,0,0
BRDA:21,3,1,0
BRDA:27,4,0,0
BRDA:27,4,1,0
BRDA:28,5,0,0
BRDA:28,5,1,0
BRDA:34,6,0,0
BRDA:34,6,1,0
BRDA:35,7,0,0
BRDA:35,7,1,0
BRDA:36,8,0,0
BRDA:36,8,1,0
BRDA:42,9,0,0
BRDA:42,9,1,0
BRDA:43,10,0,0
BRDA:43,10,1,0
BRDA:44,11,0,0
BRDA:44,11,1,0
BRDA:50,12,0,0
BRDA:50,12,1,0
BRDA:51,13,0,0
BRDA:51,13,1,0
BRDA:96,14,0,0
BRDA:96,14,1,0
BRDA:119,15,0,0
BRDA:119,15,1,0
BRDA:123,16,0,0
BRDA:123,16,1,0
BRDA:127,17,0,0
BRDA:127,17,1,0
BRDA:131,18,0,0
BRDA:131,18,1,0
BRDA:136,19,0,0
BRDA:136,19,1,0
BRDA:136,20,0,0
BRDA:136,20,1,0
BRDA:137,21,0,0
BRDA:137,21,1,0
BRF:44
BRH:0
end_of_record
TN:
SF:scripts\reset-project.js
FN:48,(anonymous_0)
FN:103,(anonymous_1)
FN:106,(anonymous_2)
FNF:3
FNH:0
FNDA:0,(anonymous_0)
FNDA:0,(anonymous_1)
FNDA:0,(anonymous_2)
DA:9,0
DA:10,0
DA:11,0
DA:13,0
DA:14,0
DA:15,0
DA:16,0
DA:17,0
DA:19,0
DA:36,0
DA:43,0
DA:48,0
DA:49,0
DA:50,0
DA:52,0
DA:53,0
DA:57,0
DA:58,0
DA:59,0
DA:60,0
DA:61,0
DA:62,0
DA:63,0
DA:65,0
DA:66,0
DA:69,0
DA:74,0
DA:75,0
DA:76,0
DA:79,0
DA:80,0
DA:81,0
DA:84,0
DA:85,0
DA:86,0
DA:88,0
DA:89,0
DA:97,0
DA:101,0
DA:104,0
DA:105,0
DA:106,0
DA:108,0
DA:109,0
LF:44
LH:0
BRDA:50,0,0,0
BRDA:50,0,1,0
BRDA:59,1,0,0
BRDA:59,1,1,0
BRDA:60,2,0,0
BRDA:60,2,1,0
BRDA:91,3,0,0
BRDA:91,3,1,0
BRDA:104,4,0,0
BRDA:104,4,1,0
BRDA:105,5,0,0
BRDA:105,5,1,0
BRDA:105,6,0,0
BRDA:105,6,1,0
BRF:14
BRH:0
end_of_record
TN:
SF:utils\crypto-utils.ts
FN:3,hashPassword
FN:6,(anonymous_1)
FN:22,verifyPassword
FNF:3
FNH:0
FNDA:0,hashPassword
FNDA:0,(anonymous_1)
FNDA:0,verifyPassword
DA:4,0
DA:5,0
DA:6,0
DA:8,0
DA:10,0
DA:15,0
DA:17,0
DA:18,0
DA:23,0
DA:24,0
DA:26,0
DA:28,0
DA:33,0
DA:35,0
DA:36,0
LF:15
LH:0
BRF:0
BRH:0
end_of_record
TN:
SF:utils\errorHandler.ts
FN:5,(anonymous_0)
FN:69,(anonymous_1)
FN:80,(anonymous_2)
FN:88,(anonymous_3)
FN:105,(anonymous_4)
FN:121,(anonymous_5)
FNF:6
FNH:0
FNDA:0,(anonymous_0)
FNDA:0,(anonymous_1)
FNDA:0,(anonymous_2)
FNDA:0,(anonymous_3)
FNDA:0,(anonymous_4)
FNDA:0,(anonymous_5)
DA:5,0
DA:7,0
DA:8,0
DA:16,0
DA:17,0
DA:25,0
DA:26,0
DA:34,0
DA:35,0
DA:43,0
DA:44,0
DA:52,0
DA:53,0
DA:61,0
DA:69,0
DA:70,0
DA:73,0
DA:74,0
DA:80,0
DA:88,0
DA:89,0
DA:90,0
DA:98,0
DA:105,0
DA:110,0
DA:111,0
DA:113,0
DA:114,0
DA:115,0
DA:116,0
DA:121,0
DA:122,0
LF:32
LH:0
BRDA:7,0,0,0
BRDA:7,0,1,0
BRDA:7,1,0,0
BRDA:7,1,1,0
BRDA:16,2,0,0
BRDA:16,2,1,0
BRDA:16,3,0,0
BRDA:16,3,1,0
BRDA:25,4,0,0
BRDA:25,4,1,0
BRDA:25,5,0,0
BRDA:25,5,1,0
BRDA:34,6,0,0
BRDA:34,6,1,0
BRDA:34,7,0,0
BRDA:34,7,1,0
BRDA:43,8,0,0
BRDA:43,8,1,0
BRDA:43,9,0,0
BRDA:43,9,1,0
BRDA:52,10,0,0
BRDA:52,10,1,0
BRDA:52,11,0,0
BRDA:52,11,1,0
BRDA:73,12,0,0
BRDA:73,12,1,0
BRDA:93,13,0,0
BRDA:93,13,1,0
BRDA:94,14,0,0
BRDA:94,14,1,0
BRDA:126,15,0,0
BRDA:126,15,1,0
BRF:32
BRH:0
end_of_record
TN:
SF:utils\performance.ts
FN:9,(anonymous_0)
FN:14,(anonymous_1)
FN:29,(anonymous_2)
FN:39,(anonymous_3)
FN:44,(anonymous_4)
FN:46,(anonymous_5)
FN:53,(anonymous_6)
FN:59,(anonymous_7)
FN:69,(anonymous_8)
FN:80,(anonymous_9)
FN:97,(anonymous_10)
FN:98,(anonymous_11)
FN:102,(anonymous_12)
FN:118,(anonymous_13)
FN:123,(anonymous_14)
FN:125,(anonymous_15)
FN:129,(anonymous_16)
FN:134,(anonymous_17)
FN:147,(anonymous_18)
FN:151,(anonymous_19)
FN:155,(anonymous_20)
FN:159,(anonymous_21)
FNF:22
FNH:0
FNDA:0,(anonymous_0)
FNDA:0,(anonymous_1)
FNDA:0,(anonymous_2)
FNDA:0,(anonymous_3)
FNDA:0,(anonymous_4)
FNDA:0,(anonymous_5)
FNDA:0,(anonymous_6)
FNDA:0,(anonymous_7)
FNDA:0,(anonymous_8)
FNDA:0,(anonymous_9)
FNDA:0,(anonymous_10)
FNDA:0,(anonymous_11)
FNDA:0,(anonymous_12)
FNDA:0,(anonymous_13)
FNDA:0,(anonymous_14)
FNDA:0,(anonymous_15)
FNDA:0,(anonymous_16)
FNDA:0,(anonymous_17)
FNDA:0,(anonymous_18)
FNDA:0,(anonymous_19)
FNDA:0,(anonymous_20)
FNDA:0,(anonymous_21)
DA:5,0
DA:6,0
DA:10,0
DA:15,0
DA:16,0
DA:17,0
DA:18,0
DA:21,0
DA:22,0
DA:23,0
DA:25,0
DA:30,0
DA:33,0
DA:34,0
DA:40,0
DA:45,0
DA:46,0
DA:47,0
DA:49,0
DA:54,0
DA:55,0
DA:60,0
DA:61,0
DA:65,0
DA:73,0
DA:74,0
DA:75,0
DA:76,0
DA:84,0
DA:85,0
DA:86,0
DA:87,0
DA:88,0
DA:90,0
DA:91,0
DA:97,0
DA:98,0
DA:99,0
DA:102,0
DA:106,0
DA:109,0
DA:118,0
DA:123,0
DA:124,0
DA:125,0
DA:129,0
DA:133,0
DA:134,0
DA:135,0
DA:136,0
DA:137,0
DA:138,0
DA:144,0
DA:148,0
DA:152,0
DA:156,0
DA:160,0
LF:57
LH:0
BRDA:16,0,0,0
BRDA:16,0,1,0
BRDA:33,1,0,0
BRDA:33,1,1,0
BRDA:60,2,0,0
BRDA:60,2,1,0
BRDA:136,3,0,0
BRDA:136,3,1,0
BRF:8
BRH:0
end_of_record
